Tue Jan 29 2019 09:46:19 GMT+0530 (IST) :/about
Tue Jan 29 2019 09:52:15 GMT+0530 (IST) :/magnence
Tue Jan 29 2019 09:54:34 GMT+0530 (IST) :/magnence
Tue Jan 29 2019 09:54:35 GMT+0530 (IST) :/magnence
Tue Jan 29 2019 09:54:35 GMT+0530 (IST) :/magnence
Tue Jan 29 2019 09:55:10 GMT+0530 (IST) :/magnence
Tue Jan 29 2019 09:55:11 GMT+0530 (IST) :/magnence
Tue Jan 29 2019 09:55:11 GMT+0530 (IST) :/magnence
Tue Jan 29 2019 09:55:12 GMT+0530 (IST) :/magnence
Tue Jan 29 2019 09:56:15 GMT+0530 (IST) :/magnence
Tue Jan 29 2019 09:56:45 GMT+0530 (IST) :/magnence
Tue Jan 29 2019 09:56:46 GMT+0530 (IST) :/magnence
Tue Jan 29 2019 09:56:47 GMT+0530 (IST) :/magnence
Tue Jan 29 2019 09:56:49 GMT+0530 (IST) :/magnence
Tue Jan 29 2019 09:57:11 GMT+0530 (IST) :/magnence
Tue Jan 29 2019 09:57:18 GMT+0530 (IST) :/magnence
Tue Jan 29 2019 09:57:19 GMT+0530 (IST) :/magnence
Tue Jan 29 2019 09:57:19 GMT+0530 (IST) :/magnence
Tue Jan 29 2019 09:57:19 GMT+0530 (IST) :/magnence
Tue Jan 29 2019 09:57:19 GMT+0530 (IST) :/magnence
Tue Jan 29 2019 09:57:36 GMT+0530 (IST) :/about]
Tue Jan 29 2019 09:57:45 GMT+0530 (IST) :/about
Tue Jan 29 2019 09:57:56 GMT+0530 (IST) :/magnence
Tue Jan 29 2019 09:59:28 GMT+0530 (IST) :/magnence
Tue Jan 29 2019 10:00:06 GMT+0530 (IST) :/magnence
Tue Jan 29 2019 10:00:10 GMT+0530 (IST) :/magnence1
Tue Jan 29 2019 10:00:14 GMT+0530 (IST) :/magnence12
Tue Jan 29 2019 10:00:19 GMT+0530 (IST) :/
Tue Jan 29 2019 18:35:16 GMT+0530 (IST) :/
